Classic Timing Analyzer report for MultiCycleCPU
Mon Feb 20 12:23:45 2023
Quartus II Version 9.1 Build 350 03/24/2010 Service Pack 2 SJ Web Edition


---------------------
; Table of Contents ;
---------------------
  1. Legal Notice
  2. Timing Analyzer Summary
  3. Timing Analyzer Settings
  4. Clock Settings Summary
  5. Parallel Compilation
  6. Clock Setup: 'clock'
  7. tsu
  8. tco
  9. th
 10. Timing Analyzer Messages



----------------
; Legal Notice ;
----------------
Copyright (C) 1991-2010 Altera Corporation
Your use of Altera Corporation's design tools, logic functions 
and other software and tools, and its AMPP partner logic 
functions, and any output files from any of the foregoing 
(including device programming or simulation files), and any 
associated documentation or information are expressly subject 
to the terms and conditions of the Altera Program License 
Subscription Agreement, Altera MegaCore Function License 
Agreement, or other applicable license agreement, including, 
without limitation, that your use is for the sole purpose of 
programming logic devices manufactured by Altera and sold by 
Altera or its authorized distributors.  Please refer to the 
applicable agreement for further details.



+----------------------------------------------------------------------------------------------------------------------------------------------------------------+
; Timing Analyzer Summary                                                                                                                                        ;
+------------------------------+-------+---------------+------------------------------------------------+--------+--------+------------+----------+--------------+
; Type                         ; Slack ; Required Time ; Actual Time                                    ; From   ; To     ; From Clock ; To Clock ; Failed Paths ;
+------------------------------+-------+---------------+------------------------------------------------+--------+--------+------------+----------+--------------+
; Worst-case tsu               ; N/A   ; None          ; -0.705 ns                                      ; T      ; inst16 ; --         ; clock    ; 0            ;
; Worst-case tco               ; N/A   ; None          ; 8.306 ns                                       ; inst15 ; OC     ; clock      ; --       ; 0            ;
; Worst-case th                ; N/A   ; None          ; 1.342 ns                                       ; T      ; inst14 ; --         ; clock    ; 0            ;
; Clock Setup: 'clock'         ; N/A   ; None          ; Restricted to 420.17 MHz ( period = 2.380 ns ) ; inst14 ; inst15 ; clock      ; clock    ; 0            ;
; Total number of failed paths ;       ;               ;                                                ;        ;        ;            ;          ; 0            ;
+------------------------------+-------+---------------+------------------------------------------------+--------+--------+------------+----------+--------------+


+-----------------------------------------------------------------------------------------------------------------------------------------------------+
; Timing Analyzer Settings                                                                                                                            ;
+------------------------------------------------------------------------------------------------------+--------------------+------+----+-------------+
; Option                                                                                               ; Setting            ; From ; To ; Entity Name ;
+------------------------------------------------------------------------------------------------------+--------------------+------+----+-------------+
; Device Name                                                                                          ; EP2C35F672C6       ;      ;    ;             ;
; Timing Models                                                                                        ; Final              ;      ;    ;             ;
; Default hold multicycle                                                                              ; Same as Multicycle ;      ;    ;             ;
; Cut paths between unrelated clock domains                                                            ; On                 ;      ;    ;             ;
; Cut off read during write signal paths                                                               ; On                 ;      ;    ;             ;
; Cut off feedback from I/O pins                                                                       ; On                 ;      ;    ;             ;
; Report Combined Fast/Slow Timing                                                                     ; Off                ;      ;    ;             ;
; Ignore Clock Settings                                                                                ; Off                ;      ;    ;             ;
; Analyze latches as synchronous elements                                                              ; On                 ;      ;    ;             ;
; Enable Recovery/Removal analysis                                                                     ; Off                ;      ;    ;             ;
; Enable Clock Latency                                                                                 ; Off                ;      ;    ;             ;
; Use TimeQuest Timing Analyzer                                                                        ; Off                ;      ;    ;             ;
; Minimum Core Junction Temperature                                                                    ; 0                  ;      ;    ;             ;
; Maximum Core Junction Temperature                                                                    ; 85                 ;      ;    ;             ;
; Number of source nodes to report per destination node                                                ; 10                 ;      ;    ;             ;
; Number of destination nodes to report                                                                ; 10                 ;      ;    ;             ;
; Number of paths to report                                                                            ; 200                ;      ;    ;             ;
; Report Minimum Timing Checks                                                                         ; Off                ;      ;    ;             ;
; Use Fast Timing Models                                                                               ; Off                ;      ;    ;             ;
; Report IO Paths Separately                                                                           ; Off                ;      ;    ;             ;
; Perform Multicorner Analysis                                                                         ; On                 ;      ;    ;             ;
; Reports the worst-case path for each clock domain and analysis                                       ; Off                ;      ;    ;             ;
; Reports worst-case timing paths for each clock domain and analysis                                   ; On                 ;      ;    ;             ;
; Specifies the maximum number of worst-case timing paths to report for each clock domain and analysis ; 100                ;      ;    ;             ;
; Removes common clock path pessimism (CCPP) during slack computation                                  ; Off                ;      ;    ;             ;
; Output I/O Timing Endpoint                                                                           ; Near End           ;      ;    ;             ;
+------------------------------------------------------------------------------------------------------+--------------------+------+----+-------------+


+------------------------------------------------------------------------------------------------------------------------------------------------------------------------------------+
; Clock Settings Summary                                                                                                                                                             ;
+-----------------+--------------------+----------+------------------+---------------+--------------+----------+-----------------------+---------------------+--------+--------------+
; Clock Node Name ; Clock Setting Name ; Type     ; Fmax Requirement ; Early Latency ; Late Latency ; Based on ; Multiply Base Fmax by ; Divide Base Fmax by ; Offset ; Phase offset ;
+-----------------+--------------------+----------+------------------+---------------+--------------+----------+-----------------------+---------------------+--------+--------------+
; clock           ;                    ; User Pin ; None             ; 0.000 ns      ; 0.000 ns     ; --       ; N/A                   ; N/A                 ; N/A    ;              ;
+-----------------+--------------------+----------+------------------+---------------+--------------+----------+-----------------------+---------------------+--------+--------------+


Parallel compilation was disabled, but you have multiple processors available. Enable parallel compilation to reduce compilation time.
+-------------------------------------+
; Parallel Compilation                ;
+----------------------------+--------+
; Processors                 ; Number ;
+----------------------------+--------+
; Number detected on machine ; 16     ;
; Maximum allowed            ; 1      ;
+----------------------------+--------+


+--------------------------------------------------------------------------------------------------------------------------------------------------------------------------------------+
; Clock Setup: 'clock'                                                                                                                                                                 ;
+-------+------------------------------------------------+--------+--------+------------+----------+-----------------------------+---------------------------+-------------------------+
; Slack ; Actual fmax (period)                           ; From   ; To     ; From Clock ; To Clock ; Required Setup Relationship ; Required Longest P2P Time ; Actual Longest P2P Time ;
+-------+------------------------------------------------+--------+--------+------------+----------+-----------------------------+---------------------------+-------------------------+
; N/A   ; Restricted to 420.17 MHz ( period = 2.380 ns ) ; inst14 ; inst15 ; clock      ; clock    ; None                        ; None                      ; 0.861 ns                ;
; N/A   ; Restricted to 420.17 MHz ( period = 2.380 ns ) ; inst16 ; inst14 ; clock      ; clock    ; None                        ; None                      ; 0.842 ns                ;
; N/A   ; Restricted to 420.17 MHz ( period = 2.380 ns ) ; inst15 ; inst16 ; clock      ; clock    ; None                        ; None                      ; 0.682 ns                ;
; N/A   ; Restricted to 420.17 MHz ( period = 2.380 ns ) ; inst14 ; inst14 ; clock      ; clock    ; None                        ; None                      ; 0.407 ns                ;
+-------+------------------------------------------------+--------+--------+------------+----------+-----------------------------+---------------------------+-------------------------+


+---------------------------------------------------------------+
; tsu                                                           ;
+-------+--------------+------------+-------+--------+----------+
; Slack ; Required tsu ; Actual tsu ; From  ; To     ; To Clock ;
+-------+--------------+------------+-------+--------+----------+
; N/A   ; None         ; -0.705 ns  ; T     ; inst15 ; clock    ;
; N/A   ; None         ; -0.705 ns  ; T     ; inst16 ; clock    ;
; N/A   ; None         ; -0.851 ns  ; start ; inst14 ; clock    ;
; N/A   ; None         ; -1.112 ns  ; T     ; inst14 ; clock    ;
+-------+--------------+------------+-------+--------+----------+


+--------------------------------------------------------------+
; tco                                                          ;
+-------+--------------+------------+--------+----+------------+
; Slack ; Required tco ; Actual tco ; From   ; To ; From Clock ;
+-------+--------------+------------+--------+----+------------+
; N/A   ; None         ; 8.306 ns   ; inst15 ; OC ; clock      ;
; N/A   ; None         ; 8.064 ns   ; inst14 ; OB ; clock      ;
; N/A   ; None         ; 7.932 ns   ; inst15 ; OB ; clock      ;
; N/A   ; None         ; 7.896 ns   ; inst16 ; OC ; clock      ;
+-------+--------------+------------+--------+----+------------+


+---------------------------------------------------------------------+
; th                                                                  ;
+---------------+-------------+-----------+-------+--------+----------+
; Minimum Slack ; Required th ; Actual th ; From  ; To     ; To Clock ;
+---------------+-------------+-----------+-------+--------+----------+
; N/A           ; None        ; 1.342 ns  ; T     ; inst14 ; clock    ;
; N/A           ; None        ; 1.081 ns  ; start ; inst14 ; clock    ;
; N/A           ; None        ; 0.935 ns  ; T     ; inst15 ; clock    ;
; N/A           ; None        ; 0.935 ns  ; T     ; inst16 ; clock    ;
+---------------+-------------+-----------+-------+--------+----------+


+--------------------------+
; Timing Analyzer Messages ;
+--------------------------+
Info: *******************************************************************
Info: Running Quartus II Classic Timing Analyzer
    Info: Version 9.1 Build 350 03/24/2010 Service Pack 2 SJ Web Edition
    Info: Processing started: Mon Feb 20 12:23:44 2023
Info: Command: quartus_tan --read_settings_files=off --write_settings_files=off MultiCycleCPU -c MultiCycleCPU --timing_analysis_only
Warning: Found pins functioning as undefined clocks and/or memory enables
    Info: Assuming node "clock" is an undefined clock
Info: Clock "clock" Internal fmax is restricted to 420.17 MHz between source register "inst14" and destination register "inst15"
    Info: fmax restricted to clock pin edge rate 2.38 ns. Expand message to see actual delay path.
        Info: + Longest register to register delay is 0.861 ns
            Info: 1: + IC(0.000 ns) + CELL(0.000 ns) = 0.000 ns; Loc. = LCFF_X64_Y19_N3; Fanout = 3; REG Node = 'inst14'
            Info: 2: + IC(0.495 ns) + CELL(0.366 ns) = 0.861 ns; Loc. = LCFF_X64_Y19_N9; Fanout = 3; REG Node = 'inst15'
            Info: Total cell delay = 0.366 ns ( 42.51 % )
            Info: Total interconnect delay = 0.495 ns ( 57.49 % )
        Info: - Smallest clock skew is 0.000 ns
            Info: + Shortest clock path from clock "clock" to destination register is 2.670 ns
                Info: 1: + IC(0.000 ns) + CELL(0.999 ns) = 0.999 ns; Loc. = PIN_N26; Fanout = 1; CLK Node = 'clock'
                Info: 2: + IC(0.113 ns) + CELL(0.000 ns) = 1.112 ns; Loc. = CLKCTRL_G6; Fanout = 3; COMB Node = 'clock~clkctrl'
                Info: 3: + IC(1.021 ns) + CELL(0.537 ns) = 2.670 ns; Loc. = LCFF_X64_Y19_N9; Fanout = 3; REG Node = 'inst15'
                Info: Total cell delay = 1.536 ns ( 57.53 % )
                Info: Total interconnect delay = 1.134 ns ( 42.47 % )
            Info: - Longest clock path from clock "clock" to source register is 2.670 ns
                Info: 1: + IC(0.000 ns) + CELL(0.999 ns) = 0.999 ns; Loc. = PIN_N26; Fanout = 1; CLK Node = 'clock'
                Info: 2: + IC(0.113 ns) + CELL(0.000 ns) = 1.112 ns; Loc. = CLKCTRL_G6; Fanout = 3; COMB Node = 'clock~clkctrl'
                Info: 3: + IC(1.021 ns) + CELL(0.537 ns) = 2.670 ns; Loc. = LCFF_X64_Y19_N3; Fanout = 3; REG Node = 'inst14'
                Info: Total cell delay = 1.536 ns ( 57.53 % )
                Info: Total interconnect delay = 1.134 ns ( 42.47 % )
        Info: + Micro clock to output delay of source is 0.250 ns
        Info: + Micro setup delay of destination is -0.036 ns
Info: tsu for register "inst15" (data pin = "T", clock pin = "clock") is -0.705 ns
    Info: + Longest pin to register delay is 2.001 ns
        Info: 1: + IC(0.000 ns) + CELL(0.999 ns) = 0.999 ns; Loc. = PIN_P25; Fanout = 3; PIN Node = 'T'
        Info: 2: + IC(0.342 ns) + CELL(0.660 ns) = 2.001 ns; Loc. = LCFF_X64_Y19_N9; Fanout = 3; REG Node = 'inst15'
        Info: Total cell delay = 1.659 ns ( 82.91 % )
        Info: Total interconnect delay = 0.342 ns ( 17.09 % )
    Info: + Micro setup delay of destination is -0.036 ns
    Info: - Shortest clock path from clock "clock" to destination register is 2.670 ns
        Info: 1: + IC(0.000 ns) + CELL(0.999 ns) = 0.999 ns; Loc. = PIN_N26; Fanout = 1; CLK Node = 'clock'
        Info: 2: + IC(0.113 ns) + CELL(0.000 ns) = 1.112 ns; Loc. = CLKCTRL_G6; Fanout = 3; COMB Node = 'clock~clkctrl'
        Info: 3: + IC(1.021 ns) + CELL(0.537 ns) = 2.670 ns; Loc. = LCFF_X64_Y19_N9; Fanout = 3; REG Node = 'inst15'
        Info: Total cell delay = 1.536 ns ( 57.53 % )
        Info: Total interconnect delay = 1.134 ns ( 42.47 % )
Info: tco from clock "clock" to destination pin "OC" through register "inst15" is 8.306 ns
    Info: + Longest clock path from clock "clock" to source register is 2.670 ns
        Info: 1: + IC(0.000 ns) + CELL(0.999 ns) = 0.999 ns; Loc. = PIN_N26; Fanout = 1; CLK Node = 'clock'
        Info: 2: + IC(0.113 ns) + CELL(0.000 ns) = 1.112 ns; Loc. = CLKCTRL_G6; Fanout = 3; COMB Node = 'clock~clkctrl'
        Info: 3: + IC(1.021 ns) + CELL(0.537 ns) = 2.670 ns; Loc. = LCFF_X64_Y19_N9; Fanout = 3; REG Node = 'inst15'
        Info: Total cell delay = 1.536 ns ( 57.53 % )
        Info: Total interconnect delay = 1.134 ns ( 42.47 % )
    Info: + Micro clock to output delay of source is 0.250 ns
    Info: + Longest register to pin delay is 5.386 ns
        Info: 1: + IC(0.000 ns) + CELL(0.000 ns) = 0.000 ns; Loc. = LCFF_X64_Y19_N9; Fanout = 3; REG Node = 'inst15'
        Info: 2: + IC(0.313 ns) + CELL(0.420 ns) = 0.733 ns; Loc. = LCCOMB_X64_Y19_N20; Fanout = 1; COMB Node = 'inst19'
        Info: 3: + IC(1.865 ns) + CELL(2.788 ns) = 5.386 ns; Loc. = PIN_AB21; Fanout = 0; PIN Node = 'OC'
        Info: Total cell delay = 3.208 ns ( 59.56 % )
        Info: Total interconnect delay = 2.178 ns ( 40.44 % )
Info: th for register "inst14" (data pin = "T", clock pin = "clock") is 1.342 ns
    Info: + Longest clock path from clock "clock" to destination register is 2.670 ns
        Info: 1: + IC(0.000 ns) + CELL(0.999 ns) = 0.999 ns; Loc. = PIN_N26; Fanout = 1; CLK Node = 'clock'
        Info: 2: + IC(0.113 ns) + CELL(0.000 ns) = 1.112 ns; Loc. = CLKCTRL_G6; Fanout = 3; COMB Node = 'clock~clkctrl'
        Info: 3: + IC(1.021 ns) + CELL(0.537 ns) = 2.670 ns; Loc. = LCFF_X64_Y19_N3; Fanout = 3; REG Node = 'inst14'
        Info: Total cell delay = 1.536 ns ( 57.53 % )
        Info: Total interconnect delay = 1.134 ns ( 42.47 % )
    Info: + Micro hold delay of destination is 0.266 ns
    Info: - Shortest pin to register delay is 1.594 ns
        Info: 1: + IC(0.000 ns) + CELL(0.999 ns) = 0.999 ns; Loc. = PIN_P25; Fanout = 3; PIN Node = 'T'
        Info: 2: + IC(0.361 ns) + CELL(0.150 ns) = 1.510 ns; Loc. = LCCOMB_X64_Y19_N2; Fanout = 1; COMB Node = 'inst6~0'
        Info: 3: + IC(0.000 ns) + CELL(0.084 ns) = 1.594 ns; Loc. = LCFF_X64_Y19_N3; Fanout = 3; REG Node = 'inst14'
        Info: Total cell delay = 1.233 ns ( 77.35 % )
        Info: Total interconnect delay = 0.361 ns ( 22.65 % )
Info: Quartus II Classic Timing Analyzer was successful. 0 errors, 1 warning
    Info: Peak virtual memory: 191 megabytes
    Info: Processing ended: Mon Feb 20 12:23:45 2023
    Info: Elapsed time: 00:00:01
    Info: Total CPU time (on all processors): 00:00:00


