Flow report for MultiCycleCPU
Mon Feb 20 12:23:45 2023
Quartus II Version 9.1 Build 350 03/24/2010 Service Pack 2 SJ Web Edition


---------------------
; Table of Contents ;
---------------------
  1. Legal Notice
  2. Flow Summary
  3. Flow Settings
  4. Flow Non-Default Global Settings
  5. Flow Elapsed Time
  6. Flow OS Summary
  7. Flow Log



----------------
; Legal Notice ;
----------------
Copyright (C) 1991-2010 Altera Corporation
Your use of Altera Corporation's design tools, logic functions 
and other software and tools, and its AMPP partner logic 
functions, and any output files from any of the foregoing 
(including device programming or simulation files), and any 
associated documentation or information are expressly subject 
to the terms and conditions of the Altera Program License 
Subscription Agreement, Altera MegaCore Function License 
Agreement, or other applicable license agreement, including, 
without limitation, that your use is for the sole purpose of 
programming logic devices manufactured by Altera and sold by 
Altera or its authorized distributors.  Please refer to the 
applicable agreement for further details.



+-----------------------------------------------------------------------------------+
; Flow Summary                                                                      ;
+------------------------------------+----------------------------------------------+
; Flow Status                        ; Successful - Mon Feb 20 12:23:44 2023        ;
; Quartus II Version                 ; 9.1 Build 350 03/24/2010 SP 2 SJ Web Edition ;
; Revision Name                      ; MultiCycleCPU                                ;
; Top-level Entity Name              ; multicyclecpu                                ;
; Family                             ; Cyclone II                                   ;
; Device                             ; EP2C35F672C6                                 ;
; Timing Models                      ; Final                                        ;
; Met timing requirements            ; Yes                                          ;
; Total logic elements               ; 3 / 33,216 ( < 1 % )                         ;
;     Total combinational functions  ; 3 / 33,216 ( < 1 % )                         ;
;     Dedicated logic registers      ; 3 / 33,216 ( < 1 % )                         ;
; Total registers                    ; 3                                            ;
; Total pins                         ; 6 / 475 ( 1 % )                              ;
; Total virtual pins                 ; 0                                            ;
; Total memory bits                  ; 0 / 483,840 ( 0 % )                          ;
; Embedded Multiplier 9-bit elements ; 0 / 70 ( 0 % )                               ;
; Total PLLs                         ; 0 / 4 ( 0 % )                                ;
+------------------------------------+----------------------------------------------+


+-----------------------------------------+
; Flow Settings                           ;
+-------------------+---------------------+
; Option            ; Setting             ;
+-------------------+---------------------+
; Start date & time ; 02/20/2023 12:23:38 ;
; Main task         ; Compilation         ;
; Revision Name     ; MultiCycleCPU       ;
+-------------------+---------------------+


+-----------------------------------------------------------------------------------------------------+
; Flow Non-Default Global Settings                                                                    ;
+------------------------+---------------------------------+---------------+-------------+------------+
; Assignment Name        ; Value                           ; Default Value ; Entity Name ; Section Id ;
+------------------------+---------------------------------+---------------+-------------+------------+
; COMPILER_SIGNATURE_ID  ; 247202824939760.167687061817584 ; --            ; --          ; --         ;
; MAX_CORE_JUNCTION_TEMP ; 85                              ; --            ; --          ; --         ;
; MIN_CORE_JUNCTION_TEMP ; 0                               ; --            ; --          ; --         ;
; PARTITION_COLOR        ; 16764057                        ; --            ; --          ; Top        ;
; PARTITION_NETLIST_TYPE ; SOURCE                          ; --            ; --          ; Top        ;
+------------------------+---------------------------------+---------------+-------------+------------+


+-----------------------------------------------------------------------------------------------------------------------------+
; Flow Elapsed Time                                                                                                           ;
+-------------------------+--------------+-------------------------+---------------------+------------------------------------+
; Module Name             ; Elapsed Time ; Average Processors Used ; Peak Virtual Memory ; Total CPU Time (on all processors) ;
+-------------------------+--------------+-------------------------+---------------------+------------------------------------+
; Analysis & Synthesis    ; 00:00:01     ; 1.0                     ; 227 MB              ; 00:00:00                           ;
; Fitter                  ; 00:00:03     ; 1.0                     ; 305 MB              ; 00:00:03                           ;
; Assembler               ; 00:00:01     ; 1.0                     ; 272 MB              ; 00:00:01                           ;
; Classic Timing Analyzer ; 00:00:00     ; 1.0                     ; 176 MB              ; 00:00:00                           ;
; Total                   ; 00:00:05     ; --                      ; --                  ; 00:00:04                           ;
+-------------------------+--------------+-------------------------+---------------------+------------------------------------+


+------------------------------------------------------------------------------------------+
; Flow OS Summary                                                                          ;
+-------------------------+------------------+---------------+------------+----------------+
; Module Name             ; Machine Hostname ; OS Name       ; OS Version ; Processor type ;
+-------------------------+------------------+---------------+------------+----------------+
; Analysis & Synthesis    ; Firesoft-G14     ; Windows Vista ; 6.2        ; x86_64         ;
; Fitter                  ; Firesoft-G14     ; Windows Vista ; 6.2        ; x86_64         ;
; Assembler               ; Firesoft-G14     ; Windows Vista ; 6.2        ; x86_64         ;
; Classic Timing Analyzer ; Firesoft-G14     ; Windows Vista ; 6.2        ; x86_64         ;
+-------------------------+------------------+---------------+------------+----------------+


------------
; Flow Log ;
------------
quartus_map --read_settings_files=on --write_settings_files=off MultiCycleCPU -c MultiCycleCPU
quartus_fit --read_settings_files=off --write_settings_files=off MultiCycleCPU -c MultiCycleCPU
quartus_asm --read_settings_files=off --write_settings_files=off MultiCycleCPU -c MultiCycleCPU
quartus_tan --read_settings_files=off --write_settings_files=off MultiCycleCPU -c MultiCycleCPU --timing_analysis_only



