Classic Timing Analyzer report for FourBitALU
Mon Feb 27 12:02:52 2023
Quartus II Version 9.1 Build 350 03/24/2010 Service Pack 2 SJ Web Edition


---------------------
; Table of Contents ;
---------------------
  1. Legal Notice
  2. Timing Analyzer Summary
  3. Timing Analyzer Settings
  4. Parallel Compilation
  5. tpd
  6. Timing Analyzer Messages



----------------
; Legal Notice ;
----------------
Copyright (C) 1991-2010 Altera Corporation
Your use of Altera Corporation's design tools, logic functions 
and other software and tools, and its AMPP partner logic 
functions, and any output files from any of the foregoing 
(including device programming or simulation files), and any 
associated documentation or information are expressly subject 
to the terms and conditions of the Altera Program License 
Subscription Agreement, Altera MegaCore Function License 
Agreement, or other applicable license agreement, including, 
without limitation, that your use is for the sole purpose of 
programming logic devices manufactured by Altera and sold by 
Altera or its authorized distributors.  Please refer to the 
applicable agreement for further details.



+--------------------------------------------------------------------------------------------------------------------------+
; Timing Analyzer Summary                                                                                                  ;
+------------------------------+-------+---------------+-------------+-------+------+------------+----------+--------------+
; Type                         ; Slack ; Required Time ; Actual Time ; From  ; To   ; From Clock ; To Clock ; Failed Paths ;
+------------------------------+-------+---------------+-------------+-------+------+------------+----------+--------------+
; Worst-case tpd               ; N/A   ; None          ; 13.793 ns   ; OP[0] ; R[3] ; --         ; --       ; 0            ;
; Total number of failed paths ;       ;               ;             ;       ;      ;            ;          ; 0            ;
+------------------------------+-------+---------------+-------------+-------+------+------------+----------+--------------+


+-----------------------------------------------------------------------------------------------------------------------------------------------------+
; Timing Analyzer Settings                                                                                                                            ;
+------------------------------------------------------------------------------------------------------+--------------------+------+----+-------------+
; Option                                                                                               ; Setting            ; From ; To ; Entity Name ;
+------------------------------------------------------------------------------------------------------+--------------------+------+----+-------------+
; Device Name                                                                                          ; EP2C35F672C6       ;      ;    ;             ;
; Timing Models                                                                                        ; Final              ;      ;    ;             ;
; Default hold multicycle                                                                              ; Same as Multicycle ;      ;    ;             ;
; Cut paths between unrelated clock domains                                                            ; On                 ;      ;    ;             ;
; Cut off read during write signal paths                                                               ; On                 ;      ;    ;             ;
; Cut off feedback from I/O pins                                                                       ; On                 ;      ;    ;             ;
; Report Combined Fast/Slow Timing                                                                     ; Off                ;      ;    ;             ;
; Ignore Clock Settings                                                                                ; Off                ;      ;    ;             ;
; Analyze latches as synchronous elements                                                              ; On                 ;      ;    ;             ;
; Enable Recovery/Removal analysis                                                                     ; Off                ;      ;    ;             ;
; Enable Clock Latency                                                                                 ; Off                ;      ;    ;             ;
; Use TimeQuest Timing Analyzer                                                                        ; Off                ;      ;    ;             ;
; Minimum Core Junction Temperature                                                                    ; 0                  ;      ;    ;             ;
; Maximum Core Junction Temperature                                                                    ; 85                 ;      ;    ;             ;
; Number of source nodes to report per destination node                                                ; 10                 ;      ;    ;             ;
; Number of destination nodes to report                                                                ; 10                 ;      ;    ;             ;
; Number of paths to report                                                                            ; 200                ;      ;    ;             ;
; Report Minimum Timing Checks                                                                         ; Off                ;      ;    ;             ;
; Use Fast Timing Models                                                                               ; Off                ;      ;    ;             ;
; Report IO Paths Separately                                                                           ; Off                ;      ;    ;             ;
; Perform Multicorner Analysis                                                                         ; On                 ;      ;    ;             ;
; Reports the worst-case path for each clock domain and analysis                                       ; Off                ;      ;    ;             ;
; Reports worst-case timing paths for each clock domain and analysis                                   ; On                 ;      ;    ;             ;
; Specifies the maximum number of worst-case timing paths to report for each clock domain and analysis ; 100                ;      ;    ;             ;
; Removes common clock path pessimism (CCPP) during slack computation                                  ; Off                ;      ;    ;             ;
; Output I/O Timing Endpoint                                                                           ; Near End           ;      ;    ;             ;
+------------------------------------------------------------------------------------------------------+--------------------+------+----+-------------+


Parallel compilation was disabled, but you have multiple processors available. Enable parallel compilation to reduce compilation time.
+-------------------------------------+
; Parallel Compilation                ;
+----------------------------+--------+
; Processors                 ; Number ;
+----------------------------+--------+
; Number detected on machine ; 16     ;
; Maximum allowed            ; 1      ;
+----------------------------+--------+


+--------------------------------------------------------------+
; tpd                                                          ;
+-------+-------------------+-----------------+---------+------+
; Slack ; Required P2P Time ; Actual P2P Time ; From    ; To   ;
+-------+-------------------+-----------------+---------+------+
; N/A   ; None              ; 13.793 ns       ; OP[0]   ; R[3] ;
; N/A   ; None              ; 12.771 ns       ; OP[1]   ; R[3] ;
; N/A   ; None              ; 12.673 ns       ; Cin     ; R[3] ;
; N/A   ; None              ; 12.486 ns       ; A[3]    ; R[3] ;
; N/A   ; None              ; 12.483 ns       ; A[3]    ; Cout ;
; N/A   ; None              ; 12.133 ns       ; Cin     ; Cout ;
; N/A   ; None              ; 11.492 ns       ; B[0]    ; R[2] ;
; N/A   ; None              ; 11.473 ns       ; A[0]    ; R[2] ;
; N/A   ; None              ; 11.376 ns       ; Cin     ; R[2] ;
; N/A   ; None              ; 11.244 ns       ; OP[0]   ; R[1] ;
; N/A   ; None              ; 11.238 ns       ; OP[0]   ; R[2] ;
; N/A   ; None              ; 11.220 ns       ; OP[0]   ; R[0] ;
; N/A   ; None              ; 11.077 ns       ; B[0]    ; R[1] ;
; N/A   ; None              ; 11.058 ns       ; A[0]    ; R[1] ;
; N/A   ; None              ; 10.983 ns       ; A[2]    ; R[2] ;
; N/A   ; None              ; 10.961 ns       ; Cin     ; R[1] ;
; N/A   ; None              ; 10.864 ns       ; A[1]    ; R[2] ;
; N/A   ; None              ; 10.795 ns       ; B[1]    ; R[2] ;
; N/A   ; None              ; 10.497 ns       ; OP[1]   ; R[1] ;
; N/A   ; None              ; 10.475 ns       ; OP[1]   ; R[0] ;
; N/A   ; None              ; 10.381 ns       ; Cin     ; R[0] ;
; N/A   ; None              ; 10.381 ns       ; B[1]    ; R[1] ;
; N/A   ; None              ; 10.354 ns       ; B[0]    ; R[0] ;
; N/A   ; None              ; 10.326 ns       ; B[2]    ; R[2] ;
; N/A   ; None              ; 10.213 ns       ; OP[1]   ; R[2] ;
; N/A   ; None              ; 9.782 ns        ; A[1]    ; R[1] ;
; N/A   ; None              ; 9.387 ns        ; A[0]    ; R[0] ;
; N/A   ; None              ; 8.859 ns        ; B[3]    ; R[3] ;
; N/A   ; None              ; 8.605 ns        ; Binvert ; R[3] ;
; N/A   ; None              ; 8.455 ns        ; B[3]    ; Cout ;
; N/A   ; None              ; 8.211 ns        ; Binvert ; Cout ;
; N/A   ; None              ; 7.449 ns        ; Binvert ; R[2] ;
; N/A   ; None              ; 7.034 ns        ; Binvert ; R[1] ;
; N/A   ; None              ; 6.310 ns        ; Binvert ; R[0] ;
+-------+-------------------+-----------------+---------+------+


+--------------------------+
; Timing Analyzer Messages ;
+--------------------------+
Info: *******************************************************************
Info: Running Quartus II Classic Timing Analyzer
    Info: Version 9.1 Build 350 03/24/2010 Service Pack 2 SJ Web Edition
    Info: Processing started: Mon Feb 27 12:02:52 2023
Info: Command: quartus_tan --read_settings_files=off --write_settings_files=off FourBitALU -c FourBitALU --timing_analysis_only
Info: Longest tpd from source pin "OP[0]" to destination pin "R[3]" is 13.793 ns
    Info: 1: + IC(0.000 ns) + CELL(0.850 ns) = 0.850 ns; Loc. = PIN_AD11; Fanout = 4; PIN Node = 'OP[0]'
    Info: 2: + IC(6.348 ns) + CELL(0.437 ns) = 7.635 ns; Loc. = LCCOMB_X27_Y35_N12; Fanout = 1; COMB Node = 'OneBitaALU:inst3|mux:inst10|lpm_mux:$00001|mux_nmc:auto_generated|result_node[0]~1'
    Info: 3: + IC(3.360 ns) + CELL(2.798 ns) = 13.793 ns; Loc. = PIN_AD12; Fanout = 0; PIN Node = 'R[3]'
    Info: Total cell delay = 4.085 ns ( 29.62 % )
    Info: Total interconnect delay = 9.708 ns ( 70.38 % )
Info: Quartus II Classic Timing Analyzer was successful. 0 errors, 0 warnings
    Info: Peak virtual memory: 191 megabytes
    Info: Processing ended: Mon Feb 27 12:02:52 2023
    Info: Elapsed time: 00:00:00
    Info: Total CPU time (on all processors): 00:00:00


