Classic Timing Analyzer report for FourBitAdder
Thu Feb 02 11:01:40 2023
Quartus II Version 9.1 Build 350 03/24/2010 Service Pack 2 SJ Web Edition


---------------------
; Table of Contents ;
---------------------
  1. Legal Notice
  2. Timing Analyzer Summary
  3. Timing Analyzer Settings
  4. Parallel Compilation
  5. tpd
  6. Timing Analyzer Messages



----------------
; Legal Notice ;
----------------
Copyright (C) 1991-2010 Altera Corporation
Your use of Altera Corporation's design tools, logic functions 
and other software and tools, and its AMPP partner logic 
functions, and any output files from any of the foregoing 
(including device programming or simulation files), and any 
associated documentation or information are expressly subject 
to the terms and conditions of the Altera Program License 
Subscription Agreement, Altera MegaCore Function License 
Agreement, or other applicable license agreement, including, 
without limitation, that your use is for the sole purpose of 
programming logic devices manufactured by Altera and sold by 
Altera or its authorized distributors.  Please refer to the 
applicable agreement for further details.



+-------------------------------------------------------------------------------------------------------------------------+
; Timing Analyzer Summary                                                                                                 ;
+------------------------------+-------+---------------+-------------+------+------+------------+----------+--------------+
; Type                         ; Slack ; Required Time ; Actual Time ; From ; To   ; From Clock ; To Clock ; Failed Paths ;
+------------------------------+-------+---------------+-------------+------+------+------------+----------+--------------+
; Worst-case tpd               ; N/A   ; None          ; 11.175 ns   ; B[1] ; R[3] ; --         ; --       ; 0            ;
; Total number of failed paths ;       ;               ;             ;      ;      ;            ;          ; 0            ;
+------------------------------+-------+---------------+-------------+------+------+------------+----------+--------------+


+-----------------------------------------------------------------------------------------------------------------------------------------------------+
; Timing Analyzer Settings                                                                                                                            ;
+------------------------------------------------------------------------------------------------------+--------------------+------+----+-------------+
; Option                                                                                               ; Setting            ; From ; To ; Entity Name ;
+------------------------------------------------------------------------------------------------------+--------------------+------+----+-------------+
; Device Name                                                                                          ; EP2C5T144C6        ;      ;    ;             ;
; Timing Models                                                                                        ; Final              ;      ;    ;             ;
; Default hold multicycle                                                                              ; Same as Multicycle ;      ;    ;             ;
; Cut paths between unrelated clock domains                                                            ; On                 ;      ;    ;             ;
; Cut off read during write signal paths                                                               ; On                 ;      ;    ;             ;
; Cut off feedback from I/O pins                                                                       ; On                 ;      ;    ;             ;
; Report Combined Fast/Slow Timing                                                                     ; Off                ;      ;    ;             ;
; Ignore Clock Settings                                                                                ; Off                ;      ;    ;             ;
; Analyze latches as synchronous elements                                                              ; On                 ;      ;    ;             ;
; Enable Recovery/Removal analysis                                                                     ; Off                ;      ;    ;             ;
; Enable Clock Latency                                                                                 ; Off                ;      ;    ;             ;
; Use TimeQuest Timing Analyzer                                                                        ; Off                ;      ;    ;             ;
; Number of source nodes to report per destination node                                                ; 10                 ;      ;    ;             ;
; Number of destination nodes to report                                                                ; 10                 ;      ;    ;             ;
; Number of paths to report                                                                            ; 200                ;      ;    ;             ;
; Report Minimum Timing Checks                                                                         ; Off                ;      ;    ;             ;
; Use Fast Timing Models                                                                               ; Off                ;      ;    ;             ;
; Report IO Paths Separately                                                                           ; Off                ;      ;    ;             ;
; Perform Multicorner Analysis                                                                         ; On                 ;      ;    ;             ;
; Reports the worst-case path for each clock domain and analysis                                       ; Off                ;      ;    ;             ;
; Reports worst-case timing paths for each clock domain and analysis                                   ; On                 ;      ;    ;             ;
; Specifies the maximum number of worst-case timing paths to report for each clock domain and analysis ; 100                ;      ;    ;             ;
; Removes common clock path pessimism (CCPP) during slack computation                                  ; Off                ;      ;    ;             ;
; Output I/O Timing Endpoint                                                                           ; Near End           ;      ;    ;             ;
+------------------------------------------------------------------------------------------------------+--------------------+------+----+-------------+


Parallel compilation was disabled, but you have multiple processors available. Enable parallel compilation to reduce compilation time.
+-------------------------------------+
; Parallel Compilation                ;
+----------------------------+--------+
; Processors                 ; Number ;
+----------------------------+--------+
; Number detected on machine ; 16     ;
; Maximum allowed            ; 1      ;
+----------------------------+--------+


+-----------------------------------------------------------+
; tpd                                                       ;
+-------+-------------------+-----------------+------+------+
; Slack ; Required P2P Time ; Actual P2P Time ; From ; To   ;
+-------+-------------------+-----------------+------+------+
; N/A   ; None              ; 11.175 ns       ; B[1] ; R[3] ;
; N/A   ; None              ; 11.165 ns       ; A[1] ; R[3] ;
; N/A   ; None              ; 10.612 ns       ; B[1] ; Cout ;
; N/A   ; None              ; 10.602 ns       ; A[1] ; Cout ;
; N/A   ; None              ; 10.430 ns       ; B[2] ; R[3] ;
; N/A   ; None              ; 9.898 ns        ; A[3] ; R[3] ;
; N/A   ; None              ; 9.867 ns        ; B[2] ; Cout ;
; N/A   ; None              ; 9.786 ns        ; B[1] ; R[2] ;
; N/A   ; None              ; 9.776 ns        ; A[1] ; R[2] ;
; N/A   ; None              ; 9.776 ns        ; B[3] ; R[3] ;
; N/A   ; None              ; 9.514 ns        ; B[1] ; R[1] ;
; N/A   ; None              ; 9.505 ns        ; A[1] ; R[1] ;
; N/A   ; None              ; 9.331 ns        ; A[3] ; Cout ;
; N/A   ; None              ; 9.212 ns        ; B[3] ; Cout ;
; N/A   ; None              ; 9.041 ns        ; B[2] ; R[2] ;
; N/A   ; None              ; 7.690 ns        ; A[0] ; R[3] ;
; N/A   ; None              ; 7.584 ns        ; Cin  ; R[3] ;
; N/A   ; None              ; 7.418 ns        ; B[0] ; R[3] ;
; N/A   ; None              ; 7.127 ns        ; A[0] ; Cout ;
; N/A   ; None              ; 7.021 ns        ; Cin  ; Cout ;
; N/A   ; None              ; 6.855 ns        ; B[0] ; Cout ;
; N/A   ; None              ; 6.589 ns        ; A[2] ; R[3] ;
; N/A   ; None              ; 6.301 ns        ; A[0] ; R[2] ;
; N/A   ; None              ; 6.195 ns        ; Cin  ; R[2] ;
; N/A   ; None              ; 6.071 ns        ; A[0] ; R[0] ;
; N/A   ; None              ; 6.057 ns        ; Cin  ; R[0] ;
; N/A   ; None              ; 6.033 ns        ; A[0] ; R[1] ;
; N/A   ; None              ; 6.029 ns        ; B[0] ; R[2] ;
; N/A   ; None              ; 6.026 ns        ; A[2] ; Cout ;
; N/A   ; None              ; 5.928 ns        ; Cin  ; R[1] ;
; N/A   ; None              ; 5.890 ns        ; B[0] ; R[0] ;
; N/A   ; None              ; 5.762 ns        ; B[0] ; R[1] ;
; N/A   ; None              ; 5.205 ns        ; A[2] ; R[2] ;
+-------+-------------------+-----------------+------+------+


+--------------------------+
; Timing Analyzer Messages ;
+--------------------------+
Info: *******************************************************************
Info: Running Quartus II Classic Timing Analyzer
    Info: Version 9.1 Build 350 03/24/2010 Service Pack 2 SJ Web Edition
    Info: Processing started: Thu Feb 02 11:01:40 2023
Info: Command: quartus_tan --read_settings_files=off --write_settings_files=off FourBitAdder -c FourBitAdder --timing_analysis_only
Info: Longest tpd from source pin "B[1]" to destination pin "R[3]" is 11.175 ns
    Info: 1: + IC(0.000 ns) + CELL(0.862 ns) = 0.862 ns; Loc. = PIN_26; Fanout = 2; PIN Node = 'B[1]'
    Info: 2: + IC(4.809 ns) + CELL(0.438 ns) = 6.109 ns; Loc. = LCCOMB_X1_Y2_N28; Fanout = 3; COMB Node = 'onebitadder:inst1|inst4~0'
    Info: 3: + IC(0.271 ns) + CELL(0.150 ns) = 6.530 ns; Loc. = LCCOMB_X1_Y2_N0; Fanout = 2; COMB Node = 'onebitadder:inst2|inst4~1'
    Info: 4: + IC(0.253 ns) + CELL(0.419 ns) = 7.202 ns; Loc. = LCCOMB_X1_Y2_N12; Fanout = 1; COMB Node = 'onebitadder:inst3|xor3:inst11|1'
    Info: 5: + IC(1.331 ns) + CELL(2.642 ns) = 11.175 ns; Loc. = PIN_7; Fanout = 0; PIN Node = 'R[3]'
    Info: Total cell delay = 4.511 ns ( 40.37 % )
    Info: Total interconnect delay = 6.664 ns ( 59.63 % )
Info: Quartus II Classic Timing Analyzer was successful. 0 errors, 0 warnings
    Info: Peak virtual memory: 189 megabytes
    Info: Processing ended: Thu Feb 02 11:01:40 2023
    Info: Elapsed time: 00:00:00
    Info: Total CPU time (on all processors): 00:00:00


